<?xml version="1.0" encoding="UTF-8"?>
<testsuite name="PositionTest" tests="2" skipped="0" failures="0" errors="0" timestamp="2020-06-11T13:25:04" hostname="DESKTOP-RENK6BF" time="0.001">
  <properties/>
  <testcase name="creatingObjectWithDifferentArguments_returnsOtherInstance" classname="PositionTest" time="0.0"/>
  <testcase name="creatingObjectWithSameArguments_returnsSameInstance" classname="PositionTest" time="0.0"/>
  <system-out><![CDATA[]]></system-out>
  <system-err><![CDATA[]]></system-err>
</testsuite>
